{"/usr/src/knexfile.js": {"path":"/usr/src/knexfile.js","statementMap":{"0":{"start":{"line":1,"column":13},"end":{"line":1,"column":28}},"1":{"start":{"line":3,"column":18},"end":{"line":3,"column":45}},"2":{"start":{"line":5,"column":0},"end":{"line":73,"column":2}}},"fnMap":{},"branchMap":{"0":{"loc":{"start":{"line":7,"column":12},"end":{"line":7,"column":49}},"type":"binary-expr","locations":[{"start":{"line":7,"column":12},"end":{"line":7,"column":33}},{"start":{"line":7,"column":37},"end":{"line":7,"column":49}}],"line":7},"1":{"loc":{"start":{"line":9,"column":16},"end":{"line":9,"column":59}},"type":"binary-expr","locations":[{"start":{"line":9,"column":16},"end":{"line":9,"column":39}},{"start":{"line":9,"column":43},"end":{"line":9,"column":59}}],"line":9},"2":{"loc":{"start":{"line":10,"column":12},"end":{"line":10,"column":51}},"type":"binary-expr","locations":[{"start":{"line":10,"column":12},"end":{"line":10,"column":37}},{"start":{"line":10,"column":41},"end":{"line":10,"column":51}}],"line":10},"3":{"loc":{"start":{"line":11,"column":16},"end":{"line":11,"column":51}},"type":"binary-expr","locations":[{"start":{"line":11,"column":16},"end":{"line":11,"column":45}},{"start":{"line":11,"column":49},"end":{"line":11,"column":51}}],"line":11},"4":{"loc":{"start":{"line":12,"column":12},"end":{"line":12,"column":52}},"type":"binary-expr","locations":[{"start":{"line":12,"column":12},"end":{"line":12,"column":37}},{"start":{"line":12,"column":41},"end":{"line":12,"column":52}}],"line":12},"5":{"loc":{"start":{"line":13,"column":12},"end":{"line":13,"column":47}},"type":"binary-expr","locations":[{"start":{"line":13,"column":12},"end":{"line":13,"column":37}},{"start":{"line":13,"column":41},"end":{"line":13,"column":47}}],"line":13},"6":{"loc":{"start":{"line":49,"column":12},"end":{"line":49,"column":49}},"type":"binary-expr","locations":[{"start":{"line":49,"column":12},"end":{"line":49,"column":33}},{"start":{"line":49,"column":37},"end":{"line":49,"column":49}}],"line":49},"7":{"loc":{"start":{"line":51,"column":16},"end":{"line":51,"column":59}},"type":"binary-expr","locations":[{"start":{"line":51,"column":16},"end":{"line":51,"column":39}},{"start":{"line":51,"column":43},"end":{"line":51,"column":59}}],"line":51},"8":{"loc":{"start":{"line":52,"column":12},"end":{"line":52,"column":51}},"type":"binary-expr","locations":[{"start":{"line":52,"column":12},"end":{"line":52,"column":37}},{"start":{"line":52,"column":41},"end":{"line":52,"column":51}}],"line":52},"9":{"loc":{"start":{"line":53,"column":16},"end":{"line":53,"column":51}},"type":"binary-expr","locations":[{"start":{"line":53,"column":16},"end":{"line":53,"column":45}},{"start":{"line":53,"column":49},"end":{"line":53,"column":51}}],"line":53},"10":{"loc":{"start":{"line":54,"column":12},"end":{"line":54,"column":52}},"type":"binary-expr","locations":[{"start":{"line":54,"column":12},"end":{"line":54,"column":37}},{"start":{"line":54,"column":41},"end":{"line":54,"column":52}}],"line":54},"11":{"loc":{"start":{"line":55,"column":12},"end":{"line":55,"column":47}},"type":"binary-expr","locations":[{"start":{"line":55,"column":12},"end":{"line":55,"column":37}},{"start":{"line":55,"column":41},"end":{"line":55,"column":47}}],"line":55}},"s":{"0":2,"1":2,"2":2},"f":{},"b":{"0":[2,0],"1":[2,0],"2":[2,0],"3":[2,0],"4":[2,0],"5":[2,0],"6":[2,0],"7":[2,0],"8":[2,0],"9":[2,0],"10":[2,0],"11":[2,0]},"_coverageSchema":"1a1c01bbd47fc00a2c39e90264f33305004495a9","hash":"ec7fb4c680f2a68b9532d71288f625af5384eed0"}
,"/usr/src/src/config/database.js": {"path":"/usr/src/src/config/database.js","statementMap":{"0":{"start":{"line":1,"column":0},"end":{"line":1,"column":27}},"1":{"start":{"line":3,"column":18},"end":{"line":3,"column":55}},"2":{"start":{"line":5,"column":15},"end":{"line":5,"column":56}},"3":{"start":{"line":7,"column":0},"end":{"line":10,"column":1}},"4":{"start":{"line":8,"column":13},"end":{"line":8,"column":26}},"5":{"start":{"line":9,"column":2},"end":{"line":9,"column":25}},"6":{"start":{"line":11,"column":0},"end":{"line":11,"column":41}}},"fnMap":{},"branchMap":{"0":{"loc":{"start":{"line":3,"column":18},"end":{"line":3,"column":55}},"type":"binary-expr","locations":[{"start":{"line":3,"column":18},"end":{"line":3,"column":38}},{"start":{"line":3,"column":42},"end":{"line":3,"column":55}}],"line":3},"1":{"loc":{"start":{"line":7,"column":0},"end":{"line":10,"column":1}},"type":"if","locations":[{"start":{"line":7,"column":0},"end":{"line":10,"column":1}},{"start":{"line":7,"column":0},"end":{"line":10,"column":1}}],"line":7},"2":{"loc":{"start":{"line":7,"column":4},"end":{"line":7,"column":47}},"type":"binary-expr","locations":[{"start":{"line":7,"column":4},"end":{"line":7,"column":15}},{"start":{"line":7,"column":19},"end":{"line":7,"column":47}}],"line":7}},"s":{"0":2,"1":2,"2":2,"3":2,"4":0,"5":0,"6":2},"f":{},"b":{"0":[2,0],"1":[0,2],"2":[2,2]},"_coverageSchema":"1a1c01bbd47fc00a2c39e90264f33305004495a9","hash":"49798fd67dfbfe2cccb75d47077982b2b89fb22a"}
,"/usr/src/src/models/Character.js": {"path":"/usr/src/src/models/Character.js","statementMap":{"0":{"start":{"line":1,"column":13},"end":{"line":1,"column":45}},"1":{"start":{"line":2,"column":15},"end":{"line":2,"column":37}},"2":{"start":{"line":3,"column":14},"end":{"line":3,"column":26}},"3":{"start":{"line":4,"column":15},"end":{"line":4,"column":42}},"4":{"start":{"line":8,"column":4},"end":{"line":10,"column":5}},"5":{"start":{"line":9,"column":6},"end":{"line":9,"column":48}},"6":{"start":{"line":12,"column":4},"end":{"line":14,"column":5}},"7":{"start":{"line":13,"column":6},"end":{"line":13,"column":61}},"8":{"start":{"line":16,"column":4},"end":{"line":18,"column":5}},"9":{"start":{"line":17,"column":6},"end":{"line":17,"column":76}},"10":{"start":{"line":19,"column":4},"end":{"line":38,"column":5}},"11":{"start":{"line":20,"column":6},"end":{"line":35,"column":11}},"12":{"start":{"line":24,"column":10},"end":{"line":34,"column":12}},"13":{"start":{"line":26,"column":14},"end":{"line":32,"column":19}},"14":{"start":{"line":30,"column":18},"end":{"line":30,"column":47}},"15":{"start":{"line":31,"column":18},"end":{"line":31,"column":35}},"16":{"start":{"line":37,"column":6},"end":{"line":37,"column":25}},"17":{"start":{"line":42,"column":4},"end":{"line":62,"column":5}},"18":{"start":{"line":43,"column":25},"end":{"line":57,"column":10}},"19":{"start":{"line":46,"column":10},"end":{"line":56,"column":12}},"20":{"start":{"line":48,"column":14},"end":{"line":54,"column":19}},"21":{"start":{"line":52,"column":18},"end":{"line":52,"column":47}},"22":{"start":{"line":53,"column":18},"end":{"line":53,"column":35}},"23":{"start":{"line":59,"column":6},"end":{"line":59,"column":27}},"24":{"start":{"line":61,"column":6},"end":{"line":61,"column":25}},"25":{"start":{"line":66,"column":19},"end":{"line":66,"column":55}},"26":{"start":{"line":67,"column":4},"end":{"line":69,"column":5}},"27":{"start":{"line":68,"column":6},"end":{"line":68,"column":47}},"28":{"start":{"line":71,"column":4},"end":{"line":73,"column":5}},"29":{"start":{"line":72,"column":6},"end":{"line":72,"column":55}},"30":{"start":{"line":75,"column":4},"end":{"line":77,"column":5}},"31":{"start":{"line":76,"column":6},"end":{"line":76,"column":63}},"32":{"start":{"line":79,"column":4},"end":{"line":85,"column":5}},"33":{"start":{"line":80,"column":6},"end":{"line":80,"column":33}},"34":{"start":{"line":81,"column":26},"end":{"line":81,"column":71}},"35":{"start":{"line":82,"column":6},"end":{"line":82,"column":28}},"36":{"start":{"line":84,"column":6},"end":{"line":84,"column":51}},"37":{"start":{"line":89,"column":0},"end":{"line":89,"column":27}}},"fnMap":{"0":{"name":"(anonymous_0)","decl":{"start":{"line":7,"column":2},"end":{"line":7,"column":3}},"loc":{"start":{"line":7,"column":58},"end":{"line":39,"column":3}},"line":7},"1":{"name":"(anonymous_1)","decl":{"start":{"line":23,"column":14},"end":{"line":23,"column":15}},"loc":{"start":{"line":23,"column":30},"end":{"line":35,"column":9}},"line":23},"2":{"name":"(anonymous_2)","decl":{"start":{"line":25,"column":27},"end":{"line":25,"column":28}},"loc":{"start":{"line":25,"column":42},"end":{"line":33,"column":13}},"line":25},"3":{"name":"(anonymous_3)","decl":{"start":{"line":29,"column":22},"end":{"line":29,"column":23}},"loc":{"start":{"line":29,"column":34},"end":{"line":32,"column":17}},"line":29},"4":{"name":"(anonymous_4)","decl":{"start":{"line":41,"column":2},"end":{"line":41,"column":3}},"loc":{"start":{"line":41,"column":28},"end":{"line":63,"column":3}},"line":41},"5":{"name":"(anonymous_5)","decl":{"start":{"line":45,"column":14},"end":{"line":45,"column":15}},"loc":{"start":{"line":45,"column":30},"end":{"line":57,"column":9}},"line":45},"6":{"name":"(anonymous_6)","decl":{"start":{"line":47,"column":27},"end":{"line":47,"column":28}},"loc":{"start":{"line":47,"column":42},"end":{"line":55,"column":13}},"line":47},"7":{"name":"(anonymous_7)","decl":{"start":{"line":51,"column":22},"end":{"line":51,"column":23}},"loc":{"start":{"line":51,"column":34},"end":{"line":54,"column":17}},"line":51},"8":{"name":"(anonymous_8)","decl":{"start":{"line":65,"column":2},"end":{"line":65,"column":3}},"loc":{"start":{"line":65,"column":28},"end":{"line":86,"column":3}},"line":65}},"branchMap":{"0":{"loc":{"start":{"line":8,"column":4},"end":{"line":10,"column":5}},"type":"if","locations":[{"start":{"line":8,"column":4},"end":{"line":10,"column":5}},{"start":{"line":8,"column":4},"end":{"line":10,"column":5}}],"line":8},"1":{"loc":{"start":{"line":12,"column":4},"end":{"line":14,"column":5}},"type":"if","locations":[{"start":{"line":12,"column":4},"end":{"line":14,"column":5}},{"start":{"line":12,"column":4},"end":{"line":14,"column":5}}],"line":12},"2":{"loc":{"start":{"line":12,"column":8},"end":{"line":12,"column":52}},"type":"binary-expr","locations":[{"start":{"line":12,"column":8},"end":{"line":12,"column":16}},{"start":{"line":12,"column":21},"end":{"line":12,"column":33}},{"start":{"line":12,"column":37},"end":{"line":12,"column":51}}],"line":12},"3":{"loc":{"start":{"line":16,"column":4},"end":{"line":18,"column":5}},"type":"if","locations":[{"start":{"line":16,"column":4},"end":{"line":18,"column":5}},{"start":{"line":16,"column":4},"end":{"line":18,"column":5}}],"line":16},"4":{"loc":{"start":{"line":16,"column":8},"end":{"line":16,"column":49}},"type":"binary-expr","locations":[{"start":{"line":16,"column":8},"end":{"line":16,"column":17}},{"start":{"line":16,"column":21},"end":{"line":16,"column":49}}],"line":16},"5":{"loc":{"start":{"line":67,"column":4},"end":{"line":69,"column":5}},"type":"if","locations":[{"start":{"line":67,"column":4},"end":{"line":69,"column":5}},{"start":{"line":67,"column":4},"end":{"line":69,"column":5}}],"line":67},"6":{"loc":{"start":{"line":71,"column":4},"end":{"line":73,"column":5}},"type":"if","locations":[{"start":{"line":71,"column":4},"end":{"line":73,"column":5}},{"start":{"line":71,"column":4},"end":{"line":73,"column":5}}],"line":71},"7":{"loc":{"start":{"line":71,"column":8},"end":{"line":71,"column":60}},"type":"binary-expr","locations":[{"start":{"line":71,"column":8},"end":{"line":71,"column":29}},{"start":{"line":71,"column":33},"end":{"line":71,"column":60}}],"line":71},"8":{"loc":{"start":{"line":75,"column":4},"end":{"line":77,"column":5}},"type":"if","locations":[{"start":{"line":75,"column":4},"end":{"line":77,"column":5}},{"start":{"line":75,"column":4},"end":{"line":77,"column":5}}],"line":75},"9":{"loc":{"start":{"line":75,"column":8},"end":{"line":75,"column":69}},"type":"binary-expr","locations":[{"start":{"line":75,"column":8},"end":{"line":75,"column":37}},{"start":{"line":75,"column":41},"end":{"line":75,"column":69}}],"line":75}},"s":{"0":1,"1":1,"2":1,"3":1,"4":0,"5":0,"6":0,"7":0,"8":0,"9":0,"10":0,"11":0,"12":0,"13":0,"14":0,"15":0,"16":0,"17":0,"18":0,"19":0,"20":0,"21":0,"22":0,"23":0,"24":0,"25":0,"26":0,"27":0,"28":0,"29":0,"30":0,"31":0,"32":0,"33":0,"34":0,"35":0,"36":0,"37":1},"f":{"0":0,"1":0,"2":0,"3":0,"4":0,"5":0,"6":0,"7":0,"8":0},"b":{"0":[0,0],"1":[0,0],"2":[0,0,0],"3":[0,0],"4":[0,0],"5":[0,0],"6":[0,0],"7":[0,0],"8":[0,0],"9":[0,0]},"_coverageSchema":"1a1c01bbd47fc00a2c39e90264f33305004495a9","hash":"9e90fad7c9554f715ee3df82235fd086eb95f313"}
,"/usr/src/src/models/Planet.js": {"path":"/usr/src/src/models/Planet.js","statementMap":{"0":{"start":{"line":1,"column":13},"end":{"line":1,"column":45}},"1":{"start":{"line":2,"column":16},"end":{"line":2,"column":46}},"2":{"start":{"line":3,"column":14},"end":{"line":3,"column":23}},"3":{"start":{"line":7,"column":4},"end":{"line":9,"column":5}},"4":{"start":{"line":8,"column":6},"end":{"line":8,"column":56}},"5":{"start":{"line":11,"column":4},"end":{"line":13,"column":5}},"6":{"start":{"line":12,"column":6},"end":{"line":12,"column":61}},"7":{"start":{"line":15,"column":4},"end":{"line":34,"column":5}},"8":{"start":{"line":16,"column":6},"end":{"line":31,"column":11}},"9":{"start":{"line":20,"column":10},"end":{"line":30,"column":12}},"10":{"start":{"line":22,"column":14},"end":{"line":28,"column":19}},"11":{"start":{"line":26,"column":18},"end":{"line":26,"column":49}},"12":{"start":{"line":27,"column":18},"end":{"line":27,"column":32}},"13":{"start":{"line":33,"column":6},"end":{"line":33,"column":25}},"14":{"start":{"line":38,"column":4},"end":{"line":42,"column":5}},"15":{"start":{"line":39,"column":6},"end":{"line":39,"column":65}},"16":{"start":{"line":41,"column":6},"end":{"line":41,"column":25}},"17":{"start":{"line":46,"column":4},"end":{"line":50,"column":5}},"18":{"start":{"line":47,"column":6},"end":{"line":47,"column":59}},"19":{"start":{"line":49,"column":6},"end":{"line":49,"column":25}},"20":{"start":{"line":54,"column":4},"end":{"line":56,"column":5}},"21":{"start":{"line":55,"column":6},"end":{"line":55,"column":55}},"22":{"start":{"line":58,"column":4},"end":{"line":60,"column":5}},"23":{"start":{"line":59,"column":6},"end":{"line":59,"column":63}},"24":{"start":{"line":62,"column":4},"end":{"line":64,"column":5}},"25":{"start":{"line":63,"column":6},"end":{"line":63,"column":73}},"26":{"start":{"line":66,"column":4},"end":{"line":75,"column":5}},"27":{"start":{"line":67,"column":26},"end":{"line":71,"column":16}},"28":{"start":{"line":72,"column":6},"end":{"line":72,"column":28}},"29":{"start":{"line":74,"column":6},"end":{"line":74,"column":25}},"30":{"start":{"line":79,"column":0},"end":{"line":79,"column":24}}},"fnMap":{"0":{"name":"(anonymous_0)","decl":{"start":{"line":6,"column":2},"end":{"line":6,"column":3}},"loc":{"start":{"line":6,"column":39},"end":{"line":35,"column":3}},"line":6},"1":{"name":"(anonymous_1)","decl":{"start":{"line":19,"column":14},"end":{"line":19,"column":15}},"loc":{"start":{"line":19,"column":27},"end":{"line":31,"column":9}},"line":19},"2":{"name":"(anonymous_2)","decl":{"start":{"line":21,"column":24},"end":{"line":21,"column":25}},"loc":{"start":{"line":21,"column":36},"end":{"line":29,"column":13}},"line":21},"3":{"name":"(anonymous_3)","decl":{"start":{"line":25,"column":22},"end":{"line":25,"column":23}},"loc":{"start":{"line":25,"column":38},"end":{"line":28,"column":17}},"line":25},"4":{"name":"(anonymous_4)","decl":{"start":{"line":37,"column":2},"end":{"line":37,"column":3}},"loc":{"start":{"line":37,"column":28},"end":{"line":43,"column":3}},"line":37},"5":{"name":"(anonymous_5)","decl":{"start":{"line":45,"column":2},"end":{"line":45,"column":3}},"loc":{"start":{"line":45,"column":32},"end":{"line":51,"column":3}},"line":45},"6":{"name":"(anonymous_6)","decl":{"start":{"line":53,"column":2},"end":{"line":53,"column":3}},"loc":{"start":{"line":53,"column":28},"end":{"line":76,"column":3}},"line":53}},"branchMap":{"0":{"loc":{"start":{"line":7,"column":4},"end":{"line":9,"column":5}},"type":"if","locations":[{"start":{"line":7,"column":4},"end":{"line":9,"column":5}},{"start":{"line":7,"column":4},"end":{"line":9,"column":5}}],"line":7},"1":{"loc":{"start":{"line":11,"column":4},"end":{"line":13,"column":5}},"type":"if","locations":[{"start":{"line":11,"column":4},"end":{"line":13,"column":5}},{"start":{"line":11,"column":4},"end":{"line":13,"column":5}}],"line":11},"2":{"loc":{"start":{"line":11,"column":8},"end":{"line":11,"column":52}},"type":"binary-expr","locations":[{"start":{"line":11,"column":8},"end":{"line":11,"column":16}},{"start":{"line":11,"column":21},"end":{"line":11,"column":33}},{"start":{"line":11,"column":37},"end":{"line":11,"column":51}}],"line":11},"3":{"loc":{"start":{"line":54,"column":4},"end":{"line":56,"column":5}},"type":"if","locations":[{"start":{"line":54,"column":4},"end":{"line":56,"column":5}},{"start":{"line":54,"column":4},"end":{"line":56,"column":5}}],"line":54},"4":{"loc":{"start":{"line":54,"column":8},"end":{"line":54,"column":60}},"type":"binary-expr","locations":[{"start":{"line":54,"column":8},"end":{"line":54,"column":29}},{"start":{"line":54,"column":33},"end":{"line":54,"column":60}}],"line":54},"5":{"loc":{"start":{"line":58,"column":4},"end":{"line":60,"column":5}},"type":"if","locations":[{"start":{"line":58,"column":4},"end":{"line":60,"column":5}},{"start":{"line":58,"column":4},"end":{"line":60,"column":5}}],"line":58},"6":{"loc":{"start":{"line":58,"column":8},"end":{"line":58,"column":69}},"type":"binary-expr","locations":[{"start":{"line":58,"column":8},"end":{"line":58,"column":37}},{"start":{"line":58,"column":41},"end":{"line":58,"column":69}}],"line":58},"7":{"loc":{"start":{"line":62,"column":4},"end":{"line":64,"column":5}},"type":"if","locations":[{"start":{"line":62,"column":4},"end":{"line":64,"column":5}},{"start":{"line":62,"column":4},"end":{"line":64,"column":5}}],"line":62}},"s":{"0":2,"1":2,"2":2,"3":0,"4":0,"5":0,"6":0,"7":0,"8":0,"9":0,"10":0,"11":0,"12":0,"13":0,"14":0,"15":0,"16":0,"17":1,"18":1,"19":0,"20":0,"21":0,"22":0,"23":0,"24":0,"25":0,"26":0,"27":0,"28":0,"29":0,"30":2},"f":{"0":0,"1":0,"2":0,"3":0,"4":0,"5":1,"6":0},"b":{"0":[0,0],"1":[0,0],"2":[0,0,0],"3":[0,0],"4":[0,0],"5":[0,0],"6":[0,0],"7":[0,0]},"_coverageSchema":"1a1c01bbd47fc00a2c39e90264f33305004495a9","hash":"8c7748267d3e93fbfd24e70d73812c93d6826bd9"}
,"/usr/src/src/utils/Helpers.js": {"path":"/usr/src/src/utils/Helpers.js","statementMap":{"0":{"start":{"line":1,"column":0},"end":{"line":15,"column":2}},"1":{"start":{"line":3,"column":4},"end":{"line":3,"column":71}},"2":{"start":{"line":4,"column":4},"end":{"line":6,"column":5}},"3":{"start":{"line":5,"column":6},"end":{"line":5,"column":18}},"4":{"start":{"line":7,"column":4},"end":{"line":7,"column":78}},"5":{"start":{"line":7,"column":65},"end":{"line":7,"column":78}},"6":{"start":{"line":8,"column":14},"end":{"line":8,"column":27}},"7":{"start":{"line":9,"column":4},"end":{"line":9,"column":35}},"8":{"start":{"line":13,"column":4},"end":{"line":13,"column":51}}},"fnMap":{"0":{"name":"(anonymous_0)","decl":{"start":{"line":2,"column":13},"end":{"line":2,"column":14}},"loc":{"start":{"line":2,"column":22},"end":{"line":10,"column":3}},"line":2},"1":{"name":"(anonymous_1)","decl":{"start":{"line":12,"column":21},"end":{"line":12,"column":22}},"loc":{"start":{"line":12,"column":31},"end":{"line":14,"column":3}},"line":12}},"branchMap":{"0":{"loc":{"start":{"line":4,"column":4},"end":{"line":6,"column":5}},"type":"if","locations":[{"start":{"line":4,"column":4},"end":{"line":6,"column":5}},{"start":{"line":4,"column":4},"end":{"line":6,"column":5}}],"line":4},"1":{"loc":{"start":{"line":7,"column":4},"end":{"line":7,"column":78}},"type":"if","locations":[{"start":{"line":7,"column":4},"end":{"line":7,"column":78}},{"start":{"line":7,"column":4},"end":{"line":7,"column":78}}],"line":7}},"s":{"0":3,"1":3,"2":3,"3":1,"4":2,"5":2,"6":0,"7":0,"8":1},"f":{"0":3,"1":1},"b":{"0":[1,2],"1":[2,0]},"_coverageSchema":"1a1c01bbd47fc00a2c39e90264f33305004495a9","hash":"9acd607b5617651ede952fd9dbdfc45825839548"}
,"/usr/src/src/utils/client.js": {"path":"/usr/src/src/utils/client.js","statementMap":{"0":{"start":{"line":2,"column":25},"end":{"line":18,"column":1}},"1":{"start":{"line":3,"column":2},"end":{"line":17,"column":5}},"2":{"start":{"line":6,"column":6},"end":{"line":12,"column":7}},"3":{"start":{"line":7,"column":8},"end":{"line":11,"column":11}}},"fnMap":{"0":{"name":"(anonymous_0)","decl":{"start":{"line":2,"column":25},"end":{"line":2,"column":26}},"loc":{"start":{"line":2,"column":36},"end":{"line":18,"column":1}},"line":2},"1":{"name":"(anonymous_1)","decl":{"start":{"line":5,"column":13},"end":{"line":5,"column":14}},"loc":{"start":{"line":5,"column":28},"end":{"line":13,"column":5}},"line":5},"2":{"name":"(anonymous_2)","decl":{"start":{"line":14,"column":13},"end":{"line":14,"column":14}},"loc":{"start":{"line":14,"column":20},"end":{"line":16,"column":5}},"line":14}},"branchMap":{"0":{"loc":{"start":{"line":6,"column":6},"end":{"line":12,"column":7}},"type":"if","locations":[{"start":{"line":6,"column":6},"end":{"line":12,"column":7}},{"start":{"line":6,"column":6},"end":{"line":12,"column":7}}],"line":6}},"s":{"0":2,"1":3,"2":10,"3":9},"f":{"0":3,"1":10,"2":10},"b":{"0":[9,1]},"_coverageSchema":"1a1c01bbd47fc00a2c39e90264f33305004495a9","hash":"83a91e67be41681e33dc47bef668fe12a2d9e87d"}
}
